# JRE version: Java(TM) SE Runtime Environment (17.0.7+8) (build 17.0.7+8-LTS-224)
# Java VM: Java HotSpot(TM) 64-Bit Server VM (17.0.7+8-LTS-224, mixed mode, sharing, tiered, compressed oops, compressed class ptrs, g1 gc, windows-amd64)
GC Precious Log:
 CPUs: 2 total, 2 available
 Memory: 7677M
 Large Page Support: Disabled
 NUMA Support: Disabled
 Compressed Oops: Enabled (32-bit)
 Heap Region Size: 1M
 Heap Min Capacity: 8M
 Heap Initial Capacity: 120M
 Heap Max Capacity: 1920M
 Pre-touch: Disabled
 Parallel Workers: 2
 Concurrent Workers: 1
 Concurrent Refinement Workers: 2
 Periodic GC: Disabled
Heap:
 garbage-first heap   total 122880K, used 14848K [0x0000000088000000, 0x0000000100000000)
  region size 1024K, 5 young (5120K), 5 survivors (5120K)
 Metaspace       used 13096K, committed 13248K, reserved 1064960K
  class space    used 1456K, committed 1536K, reserved 1048576K
GC Heap History (9 events):
Event: 0.607 GC heap before
{Heap before GC invocations=0 (full 0):
 garbage-first heap   total 122880K, used 6144K [0x0000000088000000, 0x0000000100000000)
  region size 1024K, 6 young (6144K), 0 survivors (0K)
 Metaspace       used 1928K, committed 2112K, reserved 1056768K
  class space    used 165K, committed 256K, reserved 1048576K
}
Event: 0.628 GC heap after
{Heap after GC invocations=1 (full 0):
 garbage-first heap   total 122880K, used 2177K [0x0000000088000000, 0x0000000100000000)
  region size 1024K, 1 young (1024K), 1 survivors (1024K)
 Metaspace       used 1928K, committed 2112K, reserved 1056768K
  class space    used 165K, committed 256K, reserved 1048576K
}
Event: 1.204 GC heap before
{Heap before GC invocations=1 (full 0):
 garbage-first heap   total 122880K, used 7297K [0x0000000088000000, 0x0000000100000000)
  region size 1024K, 6 young (6144K), 1 survivors (1024K)
 Metaspace       used 3154K, committed 3264K, reserved 1056768K
  class space    used 320K, committed 384K, reserved 1048576K
}
Event: 1.212 GC heap after
{Heap after GC invocations=2 (full 0):
 garbage-first heap   total 122880K, used 3072K [0x0000000088000000, 0x0000000100000000)
  region size 1024K, 1 young (1024K), 1 survivors (1024K)
 Metaspace       used 3154K, committed 3264K, reserved 1056768K
  class space    used 320K, committed 384K, reserved 1048576K
}
Event: 1.754 GC heap before
{Heap before GC invocations=2 (full 0):
 garbage-first heap   total 122880K, used 11264K [0x0000000088000000, 0x0000000100000000)
  region size 1024K, 9 young (9216K), 1 survivors (1024K)
 Metaspace       used 4676K, committed 4864K, reserved 1056768K
  class space    used 542K, committed 640K, reserved 1048576K
}
Event: 1.764 GC heap after
{Heap after GC invocations=3 (full 0):
 garbage-first heap   total 122880K, used 3565K [0x0000000088000000, 0x0000000100000000)
  region size 1024K, 2 young (2048K), 2 survivors (2048K)
 Metaspace       used 4676K, committed 4864K, reserved 1056768K
  class space    used 542K, committed 640K, reserved 1048576K
}
Event: 4.390 GC heap before
{Heap before GC invocations=3 (full 0):
 garbage-first heap   total 122880K, used 75245K [0x0000000088000000, 0x0000000100000000)
  region size 1024K, 72 young (73728K), 2 survivors (2048K)
 Metaspace       used 12542K, committed 12736K, reserved 1064960K
  class space    used 1450K, committed 1536K, reserved 1048576K
}
Event: 4.422 GC heap after
{Heap after GC invocations=4 (full 0):
 garbage-first heap   total 122880K, used 10367K [0x0000000088000000, 0x0000000100000000)
  region size 1024K, 9 young (9216K), 9 survivors (9216K)
 Metaspace       used 12542K, committed 12736K, reserved 1064960K
  class space    used 1450K, committed 1536K, reserved 1048576K
}
Event: 5.152 GC heap before
{Heap before GC invocations=4 (full 0):
 garbage-first heap   total 122880K, used 55423K [0x0000000088000000, 0x0000000100000000)
  region size 1024K, 53 young (54272K), 9 survivors (9216K)
 Metaspace       used 13096K, committed 13248K, reserved 1064960K
  class space    used 1456K, committed 1536K, reserved 1048576K
}

